[1212/131108.637:ERROR:directory_reader_win.cc(43)] FindFirstFile: The system cannot find the path specified. (0x3)
[1212/135043.199:ERROR:directory_reader_win.cc(43)] FindFirstFile: The system cannot find the path specified. (0x3)
[1212/135713.325:ERROR:process_reader_win.cc(123)] NtOpenThread: {Access Denied} A process has requested access to an object, but has not been granted those access rights. (0xc0000022)
[1212/135713.379:ERROR:exception_snapshot_win.cc(99)] thread ID 13136 not found in process
[1212/135713.665:ERROR:process_reader_win.cc(151)] SuspendThread: Access is denied. (0x5)
[1212/135713.666:ERROR:process_reader_win.cc(151)] SuspendThread: Access is denied. (0x5)
[1212/135713.666:ERROR:process_reader_win.cc(151)] SuspendThread: Access is denied. (0x5)
[1212/135713.666:ERROR:process_reader_win.cc(151)] SuspendThread: Access is denied. (0x5)
[1212/135713.666:ERROR:process_reader_win.cc(123)] NtOpenThread: {Access Denied} A process has requested access to an object, but has not been granted those access rights. (0xc0000022)
[1212/135713.666:ERROR:exception_snapshot_win.cc(99)] thread ID 8876 not found in process
[1212/141311.371:ERROR:directory_reader_win.cc(43)] FindFirstFile: The system cannot find the path specified. (0x3)
[1212/181904.065:ERROR:process_reader_win.cc(123)] NtOpenThread: {Access Denied} A process has requested access to an object, but has not been granted those access rights. (0xc0000022)
[1212/181904.119:ERROR:exception_snapshot_win.cc(99)] thread ID 4900 not found in process
[1212/181908.846:ERROR:process_reader_win.cc(123)] NtOpenThread: {Access Denied} A process has requested access to an object, but has not been granted those access rights. (0xc0000022)
[1212/181908.848:ERROR:exception_snapshot_win.cc(99)] thread ID 12032 not found in process
[1214/182322.419:ERROR:process_reader_win.cc(123)] NtOpenThread: {Access Denied} A process has requested access to an object, but has not been granted those access rights. (0xc0000022)
[1214/182322.565:ERROR:exception_snapshot_win.cc(99)] thread ID 10356 not found in process
[1214/182322.754:ERROR:process_reader_win.cc(151)] SuspendThread: Access is denied. (0x5)
[1214/182322.754:ERROR:process_reader_win.cc(151)] SuspendThread: Access is denied. (0x5)
[1214/182322.754:ERROR:process_reader_win.cc(123)] NtOpenThread: {Access Denied} A process has requested access to an object, but has not been granted those access rights. (0xc0000022)
[1214/182322.754:ERROR:exception_snapshot_win.cc(99)] thread ID 692 not found in process
[1214/182323.239:ERROR:process_reader_win.cc(151)] SuspendThread: Access is denied. (0x5)
[1214/182323.240:ERROR:process_reader_win.cc(151)] SuspendThread: Access is denied. (0x5)
[1214/182323.240:ERROR:process_reader_win.cc(151)] SuspendThread: Access is denied. (0x5)
[1214/182323.240:ERROR:process_reader_win.cc(151)] SuspendThread: Access is denied. (0x5)
[1214/182323.240:ERROR:process_reader_win.cc(151)] SuspendThread: Access is denied. (0x5)
[1214/182323.240:ERROR:process_reader_win.cc(123)] NtOpenThread: {Access Denied} A process has requested access to an object, but has not been granted those access rights. (0xc0000022)
[1214/182323.240:ERROR:exception_snapshot_win.cc(99)] thread ID 4216 not found in process
[1214/184233.583:ERROR:process_reader_win.cc(151)] SuspendThread: Access is denied. (0x5)
[1214/184233.599:ERROR:process_reader_win.cc(123)] NtOpenThread: {Access Denied} A process has requested access to an object, but has not been granted those access rights. (0xc0000022)
[1214/184233.636:ERROR:exception_snapshot_win.cc(99)] thread ID 2080 not found in process
[1214/184233.926:ERROR:process_reader_win.cc(151)] SuspendThread: Access is denied. (0x5)
[1214/184233.926:ERROR:process_reader_win.cc(123)] NtOpenThread: {Access Denied} A process has requested access to an object, but has not been granted those access rights. (0xc0000022)
[1214/184233.927:ERROR:exception_snapshot_win.cc(99)] thread ID 10624 not found in process
[1214/184234.291:ERROR:process_reader_win.cc(151)] SuspendThread: Access is denied. (0x5)
[1214/184234.291:ERROR:process_reader_win.cc(151)] SuspendThread: Access is denied. (0x5)
[1214/184234.292:ERROR:process_reader_win.cc(151)] SuspendThread: Access is denied. (0x5)
[1214/184234.292:ERROR:process_reader_win.cc(151)] SuspendThread: Access is denied. (0x5)
[1214/184234.292:ERROR:process_reader_win.cc(151)] SuspendThread: Access is denied. (0x5)
[1214/184234.294:ERROR:process_reader_win.cc(151)] SuspendThread: Access is denied. (0x5)
[1214/184234.300:ERROR:process_reader_win.cc(151)] SuspendThread: Access is denied. (0x5)
[1214/184234.300:ERROR:process_reader_win.cc(123)] NtOpenThread: {Access Denied} A process has requested access to an object, but has not been granted those access rights. (0xc0000022)
[1214/184234.300:ERROR:exception_snapshot_win.cc(99)] thread ID 11024 not found in process
[1214/184733.836:ERROR:process_reader_win.cc(151)] SuspendThread: Access is denied. (0x5)
[1214/184733.866:ERROR:process_reader_win.cc(123)] NtOpenThread: {Access Denied} A process has requested access to an object, but has not been granted those access rights. (0xc0000022)
[1214/184733.867:ERROR:exception_snapshot_win.cc(99)] thread ID 6028 not found in process
[1214/184734.037:ERROR:process_reader_win.cc(123)] NtOpenThread: {Access Denied} A process has requested access to an object, but has not been granted those access rights. (0xc0000022)
[1214/184734.037:ERROR:exception_snapshot_win.cc(99)] thread ID 9256 not found in process
[1214/184734.475:ERROR:process_reader_win.cc(151)] SuspendThread: Access is denied. (0x5)
[1214/184734.475:ERROR:process_reader_win.cc(151)] SuspendThread: Access is denied. (0x5)
[1214/184734.475:ERROR:process_reader_win.cc(151)] SuspendThread: Access is denied. (0x5)
[1214/184734.475:ERROR:process_reader_win.cc(151)] SuspendThread: Access is denied. (0x5)
[1214/184734.475:ERROR:process_reader_win.cc(151)] SuspendThread: Access is denied. (0x5)
[1214/184734.476:ERROR:process_reader_win.cc(151)] SuspendThread: Access is denied. (0x5)
[1214/184734.476:ERROR:process_reader_win.cc(151)] SuspendThread: Access is denied. (0x5)
[1214/184734.476:ERROR:process_reader_win.cc(123)] NtOpenThread: {Access Denied} A process has requested access to an object, but has not been granted those access rights. (0xc0000022)
[1214/184734.476:ERROR:exception_snapshot_win.cc(99)] thread ID 4372 not found in process
[1214/185402.954:ERROR:process_reader_win.cc(123)] NtOpenThread: {Access Denied} A process has requested access to an object, but has not been granted those access rights. (0xc0000022)
[1214/185402.964:ERROR:exception_snapshot_win.cc(99)] thread ID 1268 not found in process
[1214/185403.294:ERROR:process_reader_win.cc(151)] SuspendThread: Access is denied. (0x5)
[1214/185403.294:ERROR:process_reader_win.cc(123)] NtOpenThread: {Access Denied} A process has requested access to an object, but has not been granted those access rights. (0xc0000022)
[1214/185403.294:ERROR:exception_snapshot_win.cc(99)] thread ID 11296 not found in process
[1214/185403.665:ERROR:process_reader_win.cc(151)] SuspendThread: Access is denied. (0x5)
[1214/185403.666:ERROR:process_reader_win.cc(151)] SuspendThread: Access is denied. (0x5)
[1214/185403.666:ERROR:process_reader_win.cc(151)] SuspendThread: Access is denied. (0x5)
[1214/185403.666:ERROR:process_reader_win.cc(151)] SuspendThread: Access is denied. (0x5)
[1214/185403.667:ERROR:process_reader_win.cc(151)] SuspendThread: Access is denied. (0x5)
[1214/185403.668:ERROR:process_reader_win.cc(151)] SuspendThread: Access is denied. (0x5)
[1214/185403.668:ERROR:process_reader_win.cc(151)] SuspendThread: Access is denied. (0x5)
[1214/185403.668:ERROR:process_reader_win.cc(123)] NtOpenThread: {Access Denied} A process has requested access to an object, but has not been granted those access rights. (0xc0000022)
[1214/185403.668:ERROR:exception_snapshot_win.cc(99)] thread ID 2004 not found in process
[1214/191437.767:ERROR:process_reader_win.cc(123)] NtOpenThread: {Access Denied} A process has requested access to an object, but has not been granted those access rights. (0xc0000022)
[1214/191437.965:ERROR:exception_snapshot_win.cc(99)] thread ID 5336 not found in process
[1214/191438.269:ERROR:process_reader_win.cc(123)] NtOpenThread: {Access Denied} A process has requested access to an object, but has not been granted those access rights. (0xc0000022)
[1214/191438.270:ERROR:exception_snapshot_win.cc(99)] thread ID 348 not found in process
[1214/191438.638:ERROR:process_reader_win.cc(151)] SuspendThread: Access is denied. (0x5)
[1214/191438.638:ERROR:process_reader_win.cc(151)] SuspendThread: Access is denied. (0x5)
[1214/191438.638:ERROR:process_reader_win.cc(151)] SuspendThread: Access is denied. (0x5)
[1214/191438.638:ERROR:process_reader_win.cc(151)] SuspendThread: Access is denied. (0x5)
[1214/191438.638:ERROR:process_reader_win.cc(151)] SuspendThread: Access is denied. (0x5)
[1214/191438.638:ERROR:process_reader_win.cc(151)] SuspendThread: Access is denied. (0x5)
[1214/191438.639:ERROR:process_reader_win.cc(123)] NtOpenThread: {Access Denied} A process has requested access to an object, but has not been granted those access rights. (0xc0000022)
[1214/191438.639:ERROR:exception_snapshot_win.cc(99)] thread ID 788 not found in process
[1216/115548.758:ERROR:directory_reader_win.cc(43)] FindFirstFile: The system cannot find the path specified. (0x3)
[1216/120126.757:ERROR:process_reader_win.cc(151)] SuspendThread: Access is denied. (0x5)
[1216/120126.759:ERROR:process_reader_win.cc(123)] NtOpenThread: {Access Denied} A process has requested access to an object, but has not been granted those access rights. (0xc0000022)
[1216/120126.796:ERROR:exception_snapshot_win.cc(99)] thread ID 7888 not found in process
[1216/120127.008:ERROR:process_reader_win.cc(151)] SuspendThread: Access is denied. (0x5)
[1216/120127.009:ERROR:process_reader_win.cc(151)] SuspendThread: Access is denied. (0x5)
[1216/120127.009:ERROR:process_reader_win.cc(151)] SuspendThread: Access is denied. (0x5)
[1216/120127.009:ERROR:process_reader_win.cc(123)] NtOpenThread: {Access Denied} A process has requested access to an object, but has not been granted those access rights. (0xc0000022)
[1216/120127.010:ERROR:exception_snapshot_win.cc(99)] thread ID 11432 not found in process
[1216/120132.760:ERROR:process_reader_win.cc(151)] SuspendThread: Access is denied. (0x5)
[1216/120132.760:ERROR:process_reader_win.cc(123)] NtOpenThread: {Access Denied} A process has requested access to an object, but has not been granted those access rights. (0xc0000022)
[1216/120132.761:ERROR:exception_snapshot_win.cc(99)] thread ID 5328 not found in process
[1216/120132.896:ERROR:process_reader_win.cc(151)] SuspendThread: Access is denied. (0x5)
[1216/120132.896:ERROR:process_reader_win.cc(151)] SuspendThread: Access is denied. (0x5)
[1216/120132.896:ERROR:process_reader_win.cc(123)] NtOpenThread: {Access Denied} A process has requested access to an object, but has not been granted those access rights. (0xc0000022)
[1216/120132.896:ERROR:exception_snapshot_win.cc(99)] thread ID 3172 not found in process
[1216/122754.396:ERROR:directory_reader_win.cc(43)] FindFirstFile: The system cannot find the path specified. (0x3)
[1216/123311.846:ERROR:directory_reader_win.cc(43)] FindFirstFile: The system cannot find the path specified. (0x3)
[1216/142110.070:ERROR:process_reader_win.cc(123)] NtOpenThread: {Access Denied} A process has requested access to an object, but has not been granted those access rights. (0xc0000022)
[1216/142110.104:ERROR:exception_snapshot_win.cc(99)] thread ID 13520 not found in process
[1216/142110.454:ERROR:process_reader_win.cc(151)] SuspendThread: Access is denied. (0x5)
[1216/142110.454:ERROR:process_reader_win.cc(151)] SuspendThread: Access is denied. (0x5)
[1216/142110.464:ERROR:process_reader_win.cc(151)] SuspendThread: Access is denied. (0x5)
[1216/142110.472:ERROR:process_reader_win.cc(151)] SuspendThread: Access is denied. (0x5)
[1216/142110.480:ERROR:process_reader_win.cc(123)] NtOpenThread: {Access Denied} A process has requested access to an object, but has not been granted those access rights. (0xc0000022)
[1216/142110.488:ERROR:exception_snapshot_win.cc(99)] thread ID 5036 not found in process
[1216/142203.682:ERROR:process_reader_win.cc(188)] ResumeThread: The parameter is incorrect. (0x57)
[1216/142203.682:ERROR:process_reader_win.cc(151)] SuspendThread: Access is denied. (0x5)
[1216/142203.682:ERROR:process_reader_win.cc(151)] SuspendThread: Access is denied. (0x5)
[1216/142203.682:ERROR:process_reader_win.cc(151)] SuspendThread: Access is denied. (0x5)
[1216/142203.682:ERROR:process_reader_win.cc(151)] SuspendThread: Access is denied. (0x5)
[1216/142203.682:ERROR:process_reader_win.cc(151)] SuspendThread: Access is denied. (0x5)
[1216/142203.683:ERROR:process_reader_win.cc(151)] SuspendThread: Access is denied. (0x5)
[1216/142203.683:ERROR:process_reader_win.cc(151)] SuspendThread: Access is denied. (0x5)
[1216/142203.683:ERROR:process_reader_win.cc(151)] SuspendThread: Access is denied. (0x5)
[1216/142203.683:ERROR:process_reader_win.cc(151)] SuspendThread: Access is denied. (0x5)
[1216/142203.683:ERROR:process_reader_win.cc(151)] SuspendThread: Access is denied. (0x5)
[1216/142206.354:ERROR:filesystem_win.cc(129)] GetFileAttributes C:\Users\Dell\AppData\Local\Temp\scoped_dir12584_1410022440\Crashpad\attachments\63823d41-3dcc-4cc0-88e7-a589ca60db03: The system cannot find the path specified. (0x3)
[1216/143319.787:ERROR:directory_reader_win.cc(43)] FindFirstFile: The system cannot find the path specified. (0x3)
[1216/143925.483:ERROR:process_reader_win.cc(151)] SuspendThread: Access is denied. (0x5)
[1216/143925.484:ERROR:process_reader_win.cc(123)] NtOpenThread: {Access Denied} A process has requested access to an object, but has not been granted those access rights. (0xc0000022)
[1216/143925.485:ERROR:exception_snapshot_win.cc(99)] thread ID 3576 not found in process
[1216/143925.795:ERROR:process_reader_win.cc(151)] SuspendThread: Access is denied. (0x5)
[1216/143925.795:ERROR:process_reader_win.cc(123)] NtOpenThread: {Access Denied} A process has requested access to an object, but has not been granted those access rights. (0xc0000022)
[1216/143925.795:ERROR:exception_snapshot_win.cc(99)] thread ID 13592 not found in process
[1216/143926.183:ERROR:process_reader_win.cc(151)] SuspendThread: Access is denied. (0x5)
[1216/143926.183:ERROR:process_reader_win.cc(151)] SuspendThread: Access is denied. (0x5)
[1216/143926.183:ERROR:process_reader_win.cc(151)] SuspendThread: Access is denied. (0x5)
[1216/143926.183:ERROR:process_reader_win.cc(151)] SuspendThread: Access is denied. (0x5)
[1216/143926.183:ERROR:process_reader_win.cc(151)] SuspendThread: Access is denied. (0x5)
[1216/143926.183:ERROR:process_reader_win.cc(151)] SuspendThread: Access is denied. (0x5)
[1216/143926.183:ERROR:process_reader_win.cc(123)] NtOpenThread: {Access Denied} A process has requested access to an object, but has not been granted those access rights. (0xc0000022)
[1216/143926.184:ERROR:exception_snapshot_win.cc(99)] thread ID 2084 not found in process
[1216/145301.012:ERROR:directory_reader_win.cc(43)] FindFirstFile: The system cannot find the path specified. (0x3)
